<?xml version="1.0" encoding="UTF-8"?>
<!-- Generated by org.testng.reporters.JUnitReportReporter -->
<testsuite hostname="DESKTOP-3MGJ4NP" failures="0" tests="1" name="testAutomation.TestAutomationWithTestNG" time="0.036" errors="0" timestamp="2022-06-10T10:21:52 IST" skipped="0">
  <testcase classname="testAutomation.TestAutomationWithTestNG" name="verifyHomepageTitle" time="0.036"/>
  <system-out/>
</testsuite> <!-- testAutomation.TestAutomationWithTestNG -->
